<?xml version="1.0" encoding="UTF-8"?>
<!-- Generated by org.testng.reporters.JUnitReportReporter -->
<testsuite skipped="0" hostname="DESKTOP-0KI8Q7C" name="msacademy.Mavenjava.Appium" tests="1" failures="0" timestamp="2021-09-11T13:50:04 IST" time="0.010" errors="0">
  <testcase name="IOSApps" time="0.010" classname="msacademy.Mavenjava.Appium"/>
  <system-out/>
</testsuite> <!-- msacademy.Mavenjava.Appium -->
