<?xml version="1.0" encoding="UTF-8"?>
<!-- Generated by org.testng.reporters.JUnitReportReporter -->
<testsuite skipped="0" hostname="DESKTOP-0KI8Q7C" name="msacademy.Mavenjava.RESTAPITest" tests="2" failures="0" timestamp="2021-09-11T13:36:59 IST" time="0.013" errors="0">
  <testcase name="restapi" time="0.007" classname="msacademy.Mavenjava.RESTAPITest"/>
  <system-out/>
  <testcase name="deletetwitter" time="0.006" classname="msacademy.Mavenjava.RESTAPITest"/>
  <system-out/>
</testsuite> <!-- msacademy.Mavenjava.RESTAPITest -->
