<?xml version="1.0" encoding="UTF-8"?>
<!-- Generated by org.testng.reporters.JUnitReportReporter -->
<testsuite skipped="0" hostname="DESKTOP-0KI8Q7C" name="msacademy.Mavenjava.SeleniumTest" tests="2" failures="0" timestamp="2021-09-11T13:36:59 IST" time="0.011" errors="0">
  <testcase name="elements" time="0.009" classname="msacademy.Mavenjava.SeleniumTest"/>
  <system-out/>
  <testcase name="browserautomation" time="0.002" classname="msacademy.Mavenjava.SeleniumTest"/>
  <system-out/>
</testsuite> <!-- msacademy.Mavenjava.SeleniumTest -->
