<?xml version="1.0" encoding="UTF-8"?>
<!-- Generated by org.testng.reporters.JUnitReportReporter -->
<testsuite skipped="0" hostname="DESKTOP-0KI8Q7C" name="msacademy.Mavenjava.SeleniumTest" tests="2" failures="0" timestamp="11 Sep 2021 08:20:26 GMT" time="0.002" errors="0">
  <testcase name="browserautomation" time="0.001" classname="msacademy.Mavenjava.SeleniumTest"/>
  <testcase name="elements" time="0.001" classname="msacademy.Mavenjava.SeleniumTest"/>
</testsuite> <!-- msacademy.Mavenjava.SeleniumTest -->
