<?xml version="1.0" encoding="UTF-8"?>
<!-- Generated by org.testng.reporters.JUnitReportReporter -->
<testsuite skipped="0" hostname="DESKTOP-0KI8Q7C" name="msacademy.Mavenjava.Appium" tests="2" failures="0" timestamp="11 Sep 2021 08:20:26 GMT" time="0.019" errors="0">
  <testcase name="appleproduct" time="0.000" classname="msacademy.Mavenjava.Appium"/>
  <testcase name="IOSApps" time="0.019" classname="msacademy.Mavenjava.Appium"/>
</testsuite> <!-- msacademy.Mavenjava.Appium -->
